[33m[nodemon] 1.17.3[39m
[33m[nodemon] to restart at any time, enter `rs`[39m
[33m[nodemon] watching: *.*[39m
[32m[nodemon] starting `node server.js`[39m
[31m[nodemon] running an unsupported version of node v10.0.0-pre[39m
[31m[nodemon] nodemon may not work as expected - please consider upgrading to LTS[39m
events.js:167
      throw er; // Unhandled 'error' event
      ^

Error: EBADF: bad file descriptor, read
Emitted 'error' event at:
    at fs.read (fs.js:2096:12)
    at FSReqWrap.wrapper [as oncomplete] (fs.js:569:17)
[33m[nodemon] 1.17.3[39m
[33m[nodemon] to restart at any time, enter `rs`[39m
[33m[nodemon] watching: *.*[39m
[32m[nodemon] starting `node server.js`[39m
[31m[nodemon] running an unsupported version of node v10.0.0-pre[39m
[31m[nodemon] nodemon may not work as expected - please consider upgrading to LTS[39m
events.js:167
      throw er; // Unhandled 'error' event
      ^

Error: EBADF: bad file descriptor, read
Emitted 'error' event at:
    at fs.read (fs.js:2096:12)
    at FSReqWrap.wrapper [as oncomplete] (fs.js:569:17)
